<?xml version="1.0" encoding="UTF-8"?>
<!-- Generated by org.testng.reporters.JUnitReportReporter -->
<testsuite skipped="0" hostname="DESKTOP-CQKTD5B" name="com.training.sanity.tests.LoginTests" tests="3" failures="0" timestamp="27 Aug 2019 04:16:34 GMT" time="55.799" errors="0">
  <testcase name="validLoginTest" time="12.854" classname="com.training.sanity.tests.LoginTests"/>
  <testcase name="validLoginTest2" time="16.660" classname="com.training.sanity.tests.LoginTests"/>
  <testcase name="validLoginTest3" time="26.285" classname="com.training.sanity.tests.LoginTests"/>
</testsuite> <!-- com.training.sanity.tests.LoginTests -->
